TN:
SF:src/App.tsx
FN:7,App
FN:26,ws.onmessage
FNF:2
FNH:1
FNDA:18,App
FNDA:0,ws.onmessage
DA:2,1
DA:3,1
DA:4,1
DA:5,1
DA:7,18
DA:8,18
DA:9,18
DA:10,18
DA:11,18
DA:13,18
DA:14,4
DA:15,4
DA:16,4
DA:17,18
DA:19,18
DA:20,1
DA:21,18
DA:23,18
DA:24,11
DA:25,5
DA:26,5
DA:27,0
DA:28,0
DA:29,0
DA:30,0
DA:31,0
DA:32,5
DA:33,5
DA:34,5
DA:35,5
DA:36,5
DA:37,18
DA:39,18
DA:40,1
DA:41,1
DA:42,18
DA:44,18
DA:45,1
DA:46,1
DA:47,1
DA:48,1
DA:49,1
DA:50,18
DA:52,18
DA:54,11
DA:55,11
DA:56,11
DA:57,18
DA:58,18
DA:59,18
DA:60,18
DA:61,18
DA:63,18
LF:53
LH:48
BRDA:7,0,0,18
BRDA:52,1,0,7
BRDA:52,2,0,11
BRDA:57,3,0,2
BRDA:13,4,0,4
BRDA:19,5,0,1
BRDA:23,6,0,11
BRDA:24,7,0,6
BRDA:24,8,0,5
BRDA:33,9,0,5
BRDA:39,10,0,1
BRDA:40,11,0,1
BRDA:44,12,0,1
BRF:13
BRH:13
end_of_record
TN:
SF:src/main.tsx
FN:1,(empty-report)
FNF:1
FNH:0
FNDA:0,(empty-report)
DA:1,0
DA:2,0
DA:3,0
DA:4,0
DA:6,0
DA:7,0
DA:8,0
DA:9,0
DA:10,0
LF:9
LH:0
BRDA:1,0,0,0
BRF:1
BRH:0
end_of_record
TN:
SF:src/components/canvas.tsx
FN:10,Canvas
FN:28,getPos
FN:33,start
FN:37,draw
FN:44,end
FNF:5
FNH:5
FNDA:7,Canvas
FNDA:2,getPos
FNDA:1,start
FNDA:1,draw
FNDA:1,end
DA:1,1
DA:10,7
DA:11,7
DA:12,7
DA:13,7
DA:15,7
DA:16,3
DA:17,3
DA:18,3
DA:19,3
DA:20,3
DA:21,0
DA:22,0
DA:23,0
DA:24,0
DA:25,3
DA:26,7
DA:28,7
DA:29,2
DA:30,2
DA:31,2
DA:33,7
DA:34,1
DA:35,1
DA:36,1
DA:37,7
DA:38,1
DA:39,1
DA:40,1
DA:41,1
DA:42,1
DA:43,1
DA:44,7
DA:45,1
DA:46,1
DA:47,1
DA:49,7
DA:50,7
DA:51,7
DA:52,7
DA:53,7
DA:54,7
DA:55,7
DA:56,7
DA:57,7
DA:58,7
DA:59,7
DA:60,7
DA:61,7
DA:62,7
DA:64,7
LF:51
LH:47
BRDA:10,0,0,7
BRDA:15,1,0,3
BRDA:17,2,0,0
BRDA:28,3,0,2
BRDA:33,4,0,1
BRDA:37,5,0,1
BRDA:38,6,0,0
BRDA:44,7,0,1
BRF:8
BRH:6
end_of_record
TN:
SF:src/components/game.tsx
FN:12,Game
FN:16,handleSubmit
FN:21,handleCopy
FN:40,onChange
FNF:4
FNH:4
FNDA:6,Game
FNDA:2,handleSubmit
FNDA:1,handleCopy
FNDA:2,onChange
DA:1,1
DA:2,1
DA:12,6
DA:13,6
DA:14,6
DA:16,6
DA:17,2
DA:18,2
DA:19,2
DA:21,6
DA:22,1
DA:23,1
DA:25,6
DA:26,6
DA:27,6
DA:28,6
DA:29,6
DA:31,6
DA:32,6
DA:33,6
DA:34,6
DA:35,6
DA:36,6
DA:37,6
DA:38,6
DA:39,6
DA:40,6
DA:41,6
DA:42,6
DA:43,6
DA:45,6
DA:46,6
DA:47,6
DA:48,3
DA:49,3
DA:50,1
DA:52,2
DA:54,3
DA:56,3
DA:57,3
DA:59,6
DA:61,6
LF:42
LH:42
BRDA:12,0,0,6
BRDA:47,1,0,3
BRDA:49,2,0,1
BRDA:50,3,0,2
BRDA:16,4,0,2
BRDA:18,5,0,1
BRDA:18,6,0,1
BRDA:21,7,0,1
BRDA:40,8,0,2
BRF:9
BRH:9
end_of_record
TN:
SF:src/components/home.tsx
FN:9,Home
FN:17,fetchWord
FN:37,onClick
FN:43,onClick
FN:68,onClick
FN:84,onChange
FN:89,onClick
FNF:7
FNH:6
FNDA:12,Home
FNDA:2,fetchWord
FNDA:2,onClick
FNDA:1,onClick
FNDA:0,onClick
FNDA:1,onChange
FNDA:1,onClick
DA:1,1
DA:7,1
DA:9,12
DA:11,12
DA:12,12
DA:13,12
DA:14,12
DA:17,12
DA:18,2
DA:19,2
DA:20,2
DA:21,1
DA:22,1
DA:23,1
DA:24,1
DA:25,1
DA:26,2
DA:28,12
DA:29,12
DA:30,12
DA:33,12
DA:34,4
DA:35,4
DA:36,4
DA:37,4
DA:38,4
DA:40,4
DA:41,4
DA:42,4
DA:43,4
DA:44,4
DA:46,4
DA:47,4
DA:51,12
DA:52,6
DA:53,6
DA:54,5
DA:55,5
DA:56,5
DA:57,5
DA:58,5
DA:60,5
DA:61,5
DA:62,5
DA:64,1
DA:65,1
DA:66,1
DA:67,1
DA:68,1
DA:69,1
DA:71,1
DA:72,1
DA:74,6
DA:78,12
DA:79,2
DA:80,2
DA:81,2
DA:82,2
DA:83,2
DA:84,2
DA:85,2
DA:86,2
DA:87,2
DA:88,2
DA:89,2
DA:90,2
DA:92,2
DA:93,2
DA:95,12
DA:97,12
LF:70
LH:70
BRDA:9,0,0,12
BRDA:33,1,0,4
BRDA:51,2,0,6
BRDA:53,3,0,5
BRDA:61,4,0,1
BRDA:62,5,0,1
BRDA:78,6,0,2
BRDA:17,7,0,2
BRDA:20,8,0,1
BRDA:37,9,0,2
BRDA:43,10,0,1
BRDA:84,11,0,1
BRDA:89,12,0,1
BRF:13
BRH:13
end_of_record
TN:
SF:src/hooks/useWebSockets.ts
FN:3,useWebSocket
FN:12,ws.onmessage
FNF:2
FNH:2
FNDA:3,useWebSocket
FNDA:1,ws.onmessage
DA:1,1
DA:3,3
DA:4,3
DA:5,3
DA:7,3
DA:8,2
DA:9,2
DA:10,2
DA:12,2
DA:13,1
DA:14,1
DA:15,1
DA:17,2
DA:18,2
DA:19,2
DA:20,2
DA:21,3
DA:23,3
DA:24,1
DA:25,1
DA:26,1
DA:27,3
DA:29,3
DA:30,3
LF:24
LH:24
BRDA:3,0,0,3
BRDA:7,1,0,2
BRDA:8,2,0,0
BRDA:12,3,0,1
BRDA:14,4,0,1
BRDA:17,5,0,2
BRDA:23,6,0,1
BRF:7
BRH:6
end_of_record
